<?xml version="1.0" encoding="UTF-8"?>
<testsuite xmlns:xsi="http://www.w3.org/2001/XMLSchema-instance" xsi:noNamespaceSchemaLocation="https://maven.apache.org/surefire/maven-surefire-plugin/xsd/surefire-test-report.xsd" name="TestSuite" time="1.41" tests="4" errors="0" skipped="0" failures="1">
  <properties>
[...]
</properties>
  <testcase name="setup" classname="org.example.AppTest" time="0.011"/>
  <testcase name="login" classname="org.example.AppTest" time="0"/>
  <testcase name="aearDown" classname="org.example.AppTest" time="0.013">
    <failure message="expected:&lt;1&gt; but was:&lt;2&gt;" type="java.lang.AssertionError"><![CDATA[java.lang.AssertionError: expected:<1> but was:<2>
	at org.example.AppTest.aearDown(AppTest.java:34)
]]></failure>
    <system-out><![CDATA[Closing Browser
]]></system-out>
  </testcase>
  <testcase name="add" classname="org.example.AppTest1" time="0"/>
</testsuite>