-------------------------------------------------------------------------------
Test set: TestSuite
-------------------------------------------------------------------------------
Tests run: 4, Failures: 1, Errors: 0, Skipped: 0, Time elapsed: 1.41 s <<< FAILURE! - in TestSuite
aearDown(org.example.AppTest)  Time elapsed: 0.013 s  <<< FAILURE!
java.lang.AssertionError: expected:<1> but was:<2>
	at org.example.AppTest.aearDown(AppTest.java:34)

